2020-08-09 11:16:30,601 - aqt - INFO - aqtinstall(aqt) v0.9.4 on Python 3.6.9 [CPython GCC 8.4.0]
2020-08-09 11:16:30,602 - aqt - WARNING - Specified Qt version is unknown: 5.12.9.
2020-08-09 11:16:31,375 - aqt - INFO - Downloading qtbase...
2020-08-09 11:16:31,376 - aqt - INFO - Downloading qtconnectivity...
2020-08-09 11:16:31,376 - aqt - INFO - Downloading qtx11extras...
2020-08-09 11:16:31,379 - aqt - INFO - Downloading qtwebchannel...
2020-08-09 11:16:31,841 - aqt - INFO - Redirected URL: http://qt.mirror.constant.com/online/qtsdkrepository/linux_x64/desktop/qt5_5129/qt.qt5.5129.gcc_64/5.12.9-0-202006121744qtconnectivity-Linux-RHEL_7_4-GCC-Linux-RHEL_7_4-X86_64.7z
2020-08-09 11:16:31,843 - aqt - INFO - Redirected URL: http://qt.mirror.constant.com/online/qtsdkrepository/linux_x64/desktop/qt5_5129/qt.qt5.5129.gcc_64/5.12.9-0-202006121744qtwebchannel-Linux-RHEL_7_4-GCC-Linux-RHEL_7_4-X86_64.7z
2020-08-09 11:16:31,845 - aqt - INFO - Redirected URL: http://qt.mirror.constant.com/online/qtsdkrepository/linux_x64/desktop/qt5_5129/qt.qt5.5129.gcc_64/5.12.9-0-202006121744qtbase-Linux-RHEL_7_4-GCC-Linux-RHEL_7_4-X86_64.7z
2020-08-09 11:16:31,854 - aqt - INFO - Redirected URL: http://qt.mirror.constant.com/online/qtsdkrepository/linux_x64/desktop/qt5_5129/qt.qt5.5129.gcc_64/5.12.9-0-202006121744qtx11extras-Linux-RHEL_7_4-GCC-Linux-RHEL_7_4-X86_64.7z
2020-08-09 11:16:31,889 - aqt - INFO - Finish installation of qtx11extras-Linux-RHEL_7_4-GCC-Linux-RHEL_7_4-X86_64.7z in 0.5130368660000073
2020-08-09 11:16:31,891 - aqt - INFO - Downloading qtmultimedia...
2020-08-09 11:16:31,923 - aqt - INFO - Finish installation of qtwebchannel-Linux-RHEL_7_4-GCC-Linux-RHEL_7_4-X86_64.7z in 0.5432978640000101
2020-08-09 11:16:31,924 - aqt - INFO - Downloading qttranslations...
2020-08-09 11:16:32,127 - aqt - INFO - Finish installation of qtconnectivity-Linux-RHEL_7_4-GCC-Linux-RHEL_7_4-X86_64.7z in 0.7507816070000075
2020-08-09 11:16:32,129 - aqt - INFO - Downloading qtgraphicaleffects...
2020-08-09 11:16:32,357 - aqt - INFO - Redirected URL: http://qt.mirror.constant.com/online/qtsdkrepository/linux_x64/desktop/qt5_5129/qt.qt5.5129.gcc_64/5.12.9-0-202006121744qtmultimedia-Linux-RHEL_7_4-GCC-Linux-RHEL_7_4-X86_64.7z
2020-08-09 11:16:32,389 - aqt - INFO - Redirected URL: http://qt.mirror.constant.com/online/qtsdkrepository/linux_x64/desktop/qt5_5129/qt.qt5.5129.gcc_64/5.12.9-0-202006121744qttranslations-Linux-RHEL_7_4-GCC-Linux-RHEL_7_4-X86_64.7z
2020-08-09 11:16:32,611 - aqt - INFO - Redirected URL: http://qt.mirror.constant.com/online/qtsdkrepository/linux_x64/desktop/qt5_5129/qt.qt5.5129.gcc_64/5.12.9-0-202006121744qtgraphicaleffects-Linux-RHEL_7_4-GCC-Linux-RHEL_7_4-X86_64.7z
2020-08-09 11:16:32,799 - aqt - INFO - Finish installation of qtgraphicaleffects-Linux-RHEL_7_4-GCC-Linux-RHEL_7_4-X86_64.7z in 0.6695837909999938
2020-08-09 11:16:32,801 - aqt - INFO - Downloading qtsvg...
2020-08-09 11:16:33,115 - aqt - INFO - Finish installation of qtmultimedia-Linux-RHEL_7_4-GCC-Linux-RHEL_7_4-X86_64.7z in 1.223780043000005
2020-08-09 11:16:33,117 - aqt - INFO - Downloading qtdeclarative...
2020-08-09 11:16:33,217 - aqt - INFO - Finish installation of qttranslations-Linux-RHEL_7_4-GCC-Linux-RHEL_7_4-X86_64.7z in 1.2923178620000044
2020-08-09 11:16:33,219 - aqt - INFO - Downloading qtwebsockets...
2020-08-09 11:16:33,256 - aqt - INFO - Redirected URL: http://qt.mirror.constant.com/online/qtsdkrepository/linux_x64/desktop/qt5_5129/qt.qt5.5129.gcc_64/5.12.9-0-202006121744qtsvg-Linux-RHEL_7_4-GCC-Linux-RHEL_7_4-X86_64.7z
2020-08-09 11:16:33,342 - aqt - INFO - Finish installation of qtsvg-Linux-RHEL_7_4-GCC-Linux-RHEL_7_4-X86_64.7z in 0.5401160110000092
2020-08-09 11:16:33,344 - aqt - INFO - Downloading qtimageformats...
2020-08-09 11:16:33,568 - aqt - INFO - Redirected URL: http://qt.mirror.constant.com/online/qtsdkrepository/linux_x64/desktop/qt5_5129/qt.qt5.5129.gcc_64/5.12.9-0-202006121744qtdeclarative-Linux-RHEL_7_4-GCC-Linux-RHEL_7_4-X86_64.7z
2020-08-09 11:16:33,674 - aqt - INFO - Redirected URL: http://qt.mirror.constant.com/online/qtsdkrepository/linux_x64/desktop/qt5_5129/qt.qt5.5129.gcc_64/5.12.9-0-202006121744qtwebsockets-Linux-RHEL_7_4-GCC-Linux-RHEL_7_4-X86_64.7z
2020-08-09 11:16:33,798 - aqt - INFO - Redirected URL: http://qt.mirror.constant.com/online/qtsdkrepository/linux_x64/desktop/qt5_5129/qt.qt5.5129.gcc_64/5.12.9-0-202006121744qtimageformats-Linux-RHEL_7_4-GCC-Linux-RHEL_7_4-X86_64.7z
2020-08-09 11:16:33,837 - aqt - INFO - Finish installation of qtwebsockets-Linux-RHEL_7_4-GCC-Linux-RHEL_7_4-X86_64.7z in 0.6189074750000003
2020-08-09 11:16:33,844 - aqt - INFO - Downloading qttools...
2020-08-09 11:16:33,957 - aqt - INFO - Finish installation of qtimageformats-Linux-RHEL_7_4-GCC-Linux-RHEL_7_4-X86_64.7z in 0.6125462349999964
2020-08-09 11:16:33,966 - aqt - INFO - Downloading qtxmlpatterns...
2020-08-09 11:16:34,298 - aqt - INFO - Redirected URL: http://qt.mirror.constant.com/online/qtsdkrepository/linux_x64/desktop/qt5_5129/qt.qt5.5129.gcc_64/5.12.9-0-202006121744qttools-Linux-RHEL_7_4-GCC-Linux-RHEL_7_4-X86_64.7z
2020-08-09 11:16:34,425 - aqt - INFO - Redirected URL: http://qt.mirror.constant.com/online/qtsdkrepository/linux_x64/desktop/qt5_5129/qt.qt5.5129.gcc_64/5.12.9-0-202006121744qtxmlpatterns-Linux-RHEL_7_4-GCC-Linux-RHEL_7_4-X86_64.7z
2020-08-09 11:16:35,311 - aqt - INFO - Finish installation of qtxmlpatterns-Linux-RHEL_7_4-GCC-Linux-RHEL_7_4-X86_64.7z in 1.3450026910000048
2020-08-09 11:16:35,313 - aqt - INFO - Downloading qtsensors...
2020-08-09 11:16:35,780 - aqt - INFO - Redirected URL: http://qt.mirror.constant.com/online/qtsdkrepository/linux_x64/desktop/qt5_5129/qt.qt5.5129.gcc_64/5.12.9-0-202006121744qtsensors-Linux-RHEL_7_4-GCC-Linux-RHEL_7_4-X86_64.7z
2020-08-09 11:16:35,976 - aqt - INFO - Finish installation of qtsensors-Linux-RHEL_7_4-GCC-Linux-RHEL_7_4-X86_64.7z in 0.6629556639999947
2020-08-09 11:16:35,978 - aqt - INFO - Downloading qtserialport...
2020-08-09 11:16:36,114 - aqt - INFO - Finish installation of qtdeclarative-Linux-RHEL_7_4-GCC-Linux-RHEL_7_4-X86_64.7z in 2.997056494000006
2020-08-09 11:16:36,118 - aqt - INFO - Downloading qtlocation...
2020-08-09 11:16:36,442 - aqt - INFO - Redirected URL: http://qt.mirror.constant.com/online/qtsdkrepository/linux_x64/desktop/qt5_5129/qt.qt5.5129.gcc_64/5.12.9-0-202006121744qtserialport-Linux-RHEL_7_4-GCC-Linux-RHEL_7_4-X86_64.7z
2020-08-09 11:16:36,496 - aqt - INFO - Finish installation of qtserialport-Linux-RHEL_7_4-GCC-Linux-RHEL_7_4-X86_64.7z in 0.5178695310000023
2020-08-09 11:16:36,498 - aqt - INFO - Downloading qtquickcontrols...
2020-08-09 11:16:36,573 - aqt - INFO - Redirected URL: http://qt.mirror.constant.com/online/qtsdkrepository/linux_x64/desktop/qt5_5129/qt.qt5.5129.gcc_64/5.12.9-0-202006121744qtlocation-Linux-RHEL_7_4-GCC-Linux-RHEL_7_4-X86_64.7z
2020-08-09 11:16:36,951 - aqt - INFO - Redirected URL: http://qt.mirror.constant.com/online/qtsdkrepository/linux_x64/desktop/qt5_5129/qt.qt5.5129.gcc_64/5.12.9-0-202006121744qtquickcontrols-Linux-RHEL_7_4-GCC-Linux-RHEL_7_4-X86_64.7z
2020-08-09 11:16:37,534 - aqt - INFO - Finish installation of qtquickcontrols-Linux-RHEL_7_4-GCC-Linux-RHEL_7_4-X86_64.7z in 1.0361578870000017
2020-08-09 11:16:37,537 - aqt - INFO - Downloading qtquickcontrols2...
2020-08-09 11:16:37,667 - aqt - INFO - Finish installation of qtlocation-Linux-RHEL_7_4-GCC-Linux-RHEL_7_4-X86_64.7z in 1.5487139660000082
2020-08-09 11:16:37,669 - aqt - INFO - Downloading qt3d...
2020-08-09 11:16:37,993 - aqt - INFO - Redirected URL: http://qt.mirror.constant.com/online/qtsdkrepository/linux_x64/desktop/qt5_5129/qt.qt5.5129.gcc_64/5.12.9-0-202006121744qtquickcontrols2-Linux-RHEL_7_4-GCC-Linux-RHEL_7_4-X86_64.7z
2020-08-09 11:16:38,126 - aqt - INFO - Redirected URL: http://qt.mirror.constant.com/online/qtsdkrepository/linux_x64/desktop/qt5_5129/qt.qt5.5129.gcc_64/5.12.9-0-202006121744qt3d-Linux-RHEL_7_4-GCC-Linux-RHEL_7_4-X86_64.7z
2020-08-09 11:16:39,213 - aqt - INFO - Finish installation of qtquickcontrols2-Linux-RHEL_7_4-GCC-Linux-RHEL_7_4-X86_64.7z in 1.6764630040000128
2020-08-09 11:16:39,215 - aqt - INFO - Downloading qtcanvas3d...
2020-08-09 11:16:39,675 - aqt - INFO - Redirected URL: http://qt.mirror.constant.com/online/qtsdkrepository/linux_x64/desktop/qt5_5129/qt.qt5.5129.gcc_64/5.12.9-0-202006121744qtcanvas3d-Linux-RHEL_7_4-GCC-Linux-RHEL_7_4-X86_64.7z
2020-08-09 11:16:39,792 - aqt - INFO - Finish installation of qtcanvas3d-Linux-RHEL_7_4-GCC-Linux-RHEL_7_4-X86_64.7z in 0.5764030509999998
2020-08-09 11:16:39,794 - aqt - INFO - Downloading qtwebview...
2020-08-09 11:16:40,247 - aqt - INFO - Redirected URL: http://qt.mirror.constant.com/online/qtsdkrepository/linux_x64/desktop/qt5_5129/qt.qt5.5129.gcc_64/5.12.9-0-202006121744qtwebview-Linux-RHEL_7_4-GCC-Linux-RHEL_7_4-X86_64.7z
2020-08-09 11:16:40,259 - aqt - INFO - Finish installation of qt3d-Linux-RHEL_7_4-GCC-Linux-RHEL_7_4-X86_64.7z in 2.5900047340000043
2020-08-09 11:16:40,261 - aqt - INFO - Downloading qtserialbus...
2020-08-09 11:16:40,322 - aqt - INFO - Finish installation of qtwebview-Linux-RHEL_7_4-GCC-Linux-RHEL_7_4-X86_64.7z in 0.5285555520000003
2020-08-09 11:16:40,324 - aqt - INFO - Downloading qtscxml...
2020-08-09 11:16:40,422 - aqt - INFO - Finish installation of qttools-Linux-RHEL_7_4-GCC-Linux-RHEL_7_4-X86_64.7z in 6.577880348999997
2020-08-09 11:16:40,424 - aqt - INFO - Downloading qtgamepad...
2020-08-09 11:16:40,724 - aqt - INFO - Redirected URL: http://qt.mirror.constant.com/online/qtsdkrepository/linux_x64/desktop/qt5_5129/qt.qt5.5129.gcc_64/5.12.9-0-202006121744qtserialbus-Linux-RHEL_7_4-GCC-Linux-RHEL_7_4-X86_64.7z
2020-08-09 11:16:40,777 - aqt - INFO - Redirected URL: http://qt.mirror.constant.com/online/qtsdkrepository/linux_x64/desktop/qt5_5129/qt.qt5.5129.gcc_64/5.12.9-0-202006121744qtscxml-Linux-RHEL_7_4-GCC-Linux-RHEL_7_4-X86_64.7z
2020-08-09 11:16:40,826 - aqt - INFO - Finish installation of qtserialbus-Linux-RHEL_7_4-GCC-Linux-RHEL_7_4-X86_64.7z in 0.5649977220000153
2020-08-09 11:16:40,828 - aqt - INFO - Downloading qtspeech...
2020-08-09 11:16:40,884 - aqt - INFO - Redirected URL: http://qt.mirror.constant.com/online/qtsdkrepository/linux_x64/desktop/qt5_5129/qt.qt5.5129.gcc_64/5.12.9-0-202006121744qtgamepad-Linux-RHEL_7_4-GCC-Linux-RHEL_7_4-X86_64.7z
2020-08-09 11:16:40,898 - aqt - INFO - Finish installation of qtscxml-Linux-RHEL_7_4-GCC-Linux-RHEL_7_4-X86_64.7z in 0.5737785690000123
2020-08-09 11:16:40,900 - aqt - INFO - Downloading qtwayland...
2020-08-09 11:16:40,952 - aqt - INFO - Finish installation of qtgamepad-Linux-RHEL_7_4-GCC-Linux-RHEL_7_4-X86_64.7z in 0.5282152260000146
2020-08-09 11:16:40,955 - aqt - INFO - Downloading qtremoteobjects...
2020-08-09 11:16:41,283 - aqt - INFO - Redirected URL: http://qt.mirror.constant.com/online/qtsdkrepository/linux_x64/desktop/qt5_5129/qt.qt5.5129.gcc_64/5.12.9-0-202006121744qtspeech-Linux-RHEL_7_4-GCC-Linux-RHEL_7_4-X86_64.7z
2020-08-09 11:16:41,333 - aqt - INFO - Finish installation of qtspeech-Linux-RHEL_7_4-GCC-Linux-RHEL_7_4-X86_64.7z in 0.5052864649999833
2020-08-09 11:16:41,335 - aqt - INFO - Downloading icu...
2020-08-09 11:16:41,351 - aqt - INFO - Redirected URL: http://qt.mirror.constant.com/online/qtsdkrepository/linux_x64/desktop/qt5_5129/qt.qt5.5129.gcc_64/5.12.9-0-202006121744qtwayland-Linux-RHEL_7_4-GCC-Linux-RHEL_7_4-X86_64.7z
2020-08-09 11:16:41,408 - aqt - INFO - Redirected URL: http://qt.mirror.constant.com/online/qtsdkrepository/linux_x64/desktop/qt5_5129/qt.qt5.5129.gcc_64/5.12.9-0-202006121744qtremoteobjects-Linux-RHEL_7_4-GCC-Linux-RHEL_7_4-X86_64.7z
2020-08-09 11:16:41,635 - aqt - INFO - Finish installation of qtremoteobjects-Linux-RHEL_7_4-GCC-Linux-RHEL_7_4-X86_64.7z in 0.6807785690000117
2020-08-09 11:16:41,637 - aqt - INFO - Downloading qt...
2020-08-09 11:16:41,810 - aqt - INFO - Finish installation of qtwayland-Linux-RHEL_7_4-GCC-Linux-RHEL_7_4-X86_64.7z in 0.9101639750000174
2020-08-09 11:16:41,814 - aqt - INFO - Redirected URL: http://qt.mirror.constant.com/online/qtsdkrepository/linux_x64/desktop/qt5_5129/qt.qt5.5129.gcc_64/5.12.9-0-202006121744icu-linux-Rhel7.2-x64.7z
2020-08-09 11:16:42,101 - aqt - INFO - Finish installation of qt-5.12.9-linux.7z in 0.4640093179999951
2020-08-09 11:16:42,166 - aqt - INFO - Finish installation of qtbase-Linux-RHEL_7_4-GCC-Linux-RHEL_7_4-X86_64.7z in 10.791047121999995
2020-08-09 11:16:42,881 - aqt - INFO - Finish installation of icu-linux-Rhel7.2-x64.7z in 1.5455449920000035
2020-08-09 11:16:42,893 - aqt - INFO - Patching qmake
2020-08-09 11:16:42,906 - aqt - INFO - Finished installation
2020-08-09 11:16:42,906 - aqt - INFO - Time elasped: 12.30766698 second
